<?xml version="1.0" encoding="UTF-8"?>
<!-- Generated by org.testng.reporters.JUnitReportReporter -->
<testsuite hostname="LP-HBT10Z2" failures="0" tests="1" name="TestNg.NewTest" time="0.002" errors="0" timestamp="2022-11-24T14:12:26 IST" skipped="0">
  <testcase classname="TestNg.NewTest" name="f" time="0.002"/>
  <system-out/>
</testsuite> <!-- TestNg.NewTest -->
