<?xml version="1.0" encoding="UTF-8"?>
<!-- Generated by org.testng.reporters.JUnitReportReporter -->
<testsuite hostname="LP-HBT10Z2" failures="0" tests="4" name="TestNg.CalculatorTest" time="0.011" errors="0" timestamp="2022-11-25T13:07:54 IST" skipped="0">
  <testcase classname="TestNg.CalculatorTest" name="test2" time="0.001"/>
  <system-out/>
  <testcase classname="TestNg.CalculatorTest" name="all_Assertions_Test" time="0.001"/>
  <system-out/>
  <testcase classname="TestNg.CalculatorTest" name="add1Test" time="0.008"/>
  <system-out/>
  <testcase classname="TestNg.CalculatorTest" name="sub1Test" time="0.001"/>
  <system-out/>
</testsuite> <!-- TestNg.CalculatorTest -->
